<?xml version="1.0" encoding="UTF-8"?>
<testng-results ignored="0" total="1" passed="1" failed="0" skipped="0">
  <reporter-output>
  </reporter-output>
  <suite started-at="2022-11-15T07:16:25 IST" name="Default suite" finished-at="2022-11-15T07:16:50 IST" duration-ms="24287">
    <groups>
    </groups>
    <test started-at="2022-11-15T07:16:25 IST" name="Default test" finished-at="2022-11-15T07:16:50 IST" duration-ms="24287">
      <class name="com.amazon.commonBaseTest.baseTest">
        <test-method signature="launchApp()[pri:0, instance:com.amazon.commonBaseTest.baseTest@4007f65e]" started-at="2022-11-15T07:16:25 IST" name="launchApp" finished-at="2022-11-15T07:16:49 IST" duration-ms="23544" status="PASS">
          <reporter-output>
          </reporter-output>
        </test-method> <!-- launchApp -->
        <test-method is-config="true" signature="quitDriver()[pri:0, instance:com.amazon.commonBaseTest.baseTest@4007f65e]" started-at="2022-11-15T07:16:49 IST" name="quitDriver" finished-at="2022-11-15T07:16:50 IST" duration-ms="681" status="PASS">
          <reporter-output>
          </reporter-output>
        </test-method> <!-- quitDriver -->
      </class> <!-- com.amazon.commonBaseTest.baseTest -->
    </test> <!-- Default test -->
  </suite> <!-- Default suite -->
</testng-results>
