<?xml version="1.0" encoding="UTF-8"?>
<testng-results ignored="0" total="1" passed="1" failed="0" skipped="0">
  <reporter-output>
  </reporter-output>
  <suite started-at="2022-11-28T15:13:46 IST" name="Default suite" finished-at="2022-11-28T15:13:50 IST" duration-ms="4216">
    <groups>
    </groups>
    <test started-at="2022-11-28T15:13:46 IST" name="Default test" finished-at="2022-11-28T15:13:50 IST" duration-ms="4216">
      <class name="Practice.getPGM1">
        <test-method signature="main()[pri:0, instance:Practice.getPGM1@2e222612]" started-at="2022-11-28T15:13:46 IST" name="main" finished-at="2022-11-28T15:13:50 IST" duration-ms="4145" status="PASS">
          <reporter-output>
          </reporter-output>
        </test-method> <!-- main -->
      </class> <!-- Practice.getPGM1 -->
    </test> <!-- Default test -->
  </suite> <!-- Default suite -->
</testng-results>
